<?xml version="1.0" encoding="UTF-8"?>
<testsuite name="firstTest" tests="1" skipped="0" failures="0" errors="0" timestamp="2024-09-26T18:55:38" hostname="MacBook-Pro-rinat.local" time="0.941">
  <properties/>
  <testcase name="myFirstTest()" classname="firstTest" time="0.941"/>
  <system-out><![CDATA[]]></system-out>
  <system-err><![CDATA[]]></system-err>
</testsuite>
